[ 2018-05-04T09:04:50+08:00 ] ::1 /dhd_system/dhd_system/
INFO: [ app_init ] --START--
INFO: Run Behavior\BuildLiteBehavior [ RunTime:0.000000s ]
INFO: [ app_init ] --END-- [ RunTime:0.001000s ]
INFO: [ app_begin ] --START--
INFO: Run Behavior\ReadHtmlCacheBehavior [ RunTime:0.001000s ]
INFO: [ app_begin ] --END-- [ RunTime:0.001000s ]

[ 2018-05-04T09:04:50+08:00 ] ::1 /dhd_system/dhd_system/index.php/home/login/login.html
INFO: [ app_init ] --START--
INFO: Run Behavior\BuildLiteBehavior [ RunTime:0.000000s ]
INFO: [ app_init ] --END-- [ RunTime:0.000000s ]
INFO: [ app_begin ] --START--
INFO: Run Behavior\ReadHtmlCacheBehavior [ RunTime:0.000000s ]
INFO: [ app_begin ] --END-- [ RunTime:0.001000s ]
INFO: [ view_parse ] --START--
INFO: [ template_filter ] --START--
INFO: Run Behavior\ContentReplaceBehavior [ RunTime:0.000000s ]
INFO: [ template_filter ] --END-- [ RunTime:0.000000s ]
INFO: Run Behavior\ParseTemplateBehavior [ RunTime:0.007001s ]
INFO: [ view_parse ] --END-- [ RunTime:0.007001s ]
INFO: [ view_filter ] --START--
INFO: Run Behavior\WriteHtmlCacheBehavior [ RunTime:0.001000s ]
INFO: [ view_filter ] --END-- [ RunTime:0.001000s ]
INFO: [ app_end ] --START--
INFO: Run Behavior\ShowPageTraceBehavior [ RunTime:0.001000s ]
INFO: [ app_end ] --END-- [ RunTime:0.001000s ]

[ 2018-05-04T09:04:50+08:00 ] ::1 /dhd_system/dhd_system/?s=Home/Login/verify/
INFO: [ app_init ] --START--
INFO: Run Behavior\BuildLiteBehavior [ RunTime:0.000000s ]
INFO: [ app_init ] --END-- [ RunTime:0.000000s ]
INFO: [ app_begin ] --START--
INFO: Run Behavior\ReadHtmlCacheBehavior [ RunTime:0.000000s ]
INFO: [ app_begin ] --END-- [ RunTime:0.001000s ]
INFO: [ app_end ] --START--
INFO: Run Behavior\ShowPageTraceBehavior [ RunTime:0.001000s ]
INFO: [ app_end ] --END-- [ RunTime:0.001000s ]

[ 2018-05-04T09:05:03+08:00 ] ::1 /dhd_system/dhd_system/?s=Home/Login/login_do
INFO: [ app_init ] --START--
INFO: Run Behavior\BuildLiteBehavior [ RunTime:0.000000s ]
INFO: [ app_init ] --END-- [ RunTime:0.001000s ]
INFO: [ app_begin ] --START--
INFO: Run Behavior\ReadHtmlCacheBehavior [ RunTime:0.001000s ]
INFO: [ app_begin ] --END-- [ RunTime:0.001000s ]

[ 2018-05-04T09:05:03+08:00 ] ::1 /dhd_system/dhd_system/?s=Home/Login/verify/0.11163816303284846
INFO: [ app_init ] --START--
INFO: Run Behavior\BuildLiteBehavior [ RunTime:0.000000s ]
INFO: [ app_init ] --END-- [ RunTime:0.001000s ]
INFO: [ app_begin ] --START--
INFO: Run Behavior\ReadHtmlCacheBehavior [ RunTime:0.001000s ]
INFO: [ app_begin ] --END-- [ RunTime:0.001000s ]
INFO: [ app_end ] --START--
INFO: Run Behavior\ShowPageTraceBehavior [ RunTime:0.001000s ]
INFO: [ app_end ] --END-- [ RunTime:0.001000s ]

[ 2018-05-04T09:05:11+08:00 ] ::1 /dhd_system/dhd_system/?s=Home/Login/login_do
INFO: [ app_init ] --START--
INFO: Run Behavior\BuildLiteBehavior [ RunTime:0.000000s ]
INFO: [ app_init ] --END-- [ RunTime:0.000000s ]
INFO: [ app_begin ] --START--
INFO: Run Behavior\ReadHtmlCacheBehavior [ RunTime:0.001000s ]
INFO: [ app_begin ] --END-- [ RunTime:0.001000s ]
ERR: SQLSTATE[HY000] [2002] ÓÉÓÚÄ¿±ê¼ÆËã»ú»ý¼«¾Ü¾ø£¬ÎÞ·¨Á¬½Ó¡£


[ 2018-05-04T09:05:45+08:00 ] ::1 /dhd_system/dhd_system/?s=Home/Login/login_do
INFO: [ app_init ] --START--
INFO: Run Behavior\BuildLiteBehavior [ RunTime:0.000000s ]
INFO: [ app_init ] --END-- [ RunTime:0.001000s ]
INFO: [ app_begin ] --START--
INFO: Run Behavior\ReadHtmlCacheBehavior [ RunTime:0.001000s ]
INFO: [ app_begin ] --END-- [ RunTime:0.001000s ]

[ 2018-05-04T09:05:45+08:00 ] ::1 /dhd_system/dhd_system/?s=Home/Login/verify/0.8211274605435241
INFO: [ app_init ] --START--
INFO: Run Behavior\BuildLiteBehavior [ RunTime:0.000000s ]
INFO: [ app_init ] --END-- [ RunTime:0.002000s ]
INFO: [ app_begin ] --START--
INFO: Run Behavior\ReadHtmlCacheBehavior [ RunTime:0.001000s ]
INFO: [ app_begin ] --END-- [ RunTime:0.001000s ]
INFO: [ app_end ] --START--
INFO: Run Behavior\ShowPageTraceBehavior [ RunTime:0.001000s ]
INFO: [ app_end ] --END-- [ RunTime:0.001000s ]

[ 2018-05-04T09:05:51+08:00 ] ::1 /dhd_system/dhd_system/?s=Home/Login/login_do
INFO: [ app_init ] --START--
INFO: Run Behavior\BuildLiteBehavior [ RunTime:0.000000s ]
INFO: [ app_init ] --END-- [ RunTime:0.000000s ]
INFO: [ app_begin ] --START--
INFO: Run Behavior\ReadHtmlCacheBehavior [ RunTime:0.000000s ]
INFO: [ app_begin ] --END-- [ RunTime:0.000000s ]
SQL: SHOW COLUMNS FROM `dhd_user` [ RunTime:0.0110s ]
SQL: SELECT * FROM `dhd_user` WHERE `username` = 'admin' LIMIT 1   [ RunTime:0.0010s ]

[ 2018-05-04T09:05:53+08:00 ] ::1 /dhd_system/dhd_system/?s=Home/Index/index
INFO: [ app_init ] --START--
INFO: Run Behavior\BuildLiteBehavior [ RunTime:0.000000s ]
INFO: [ app_init ] --END-- [ RunTime:0.000000s ]
INFO: [ app_begin ] --START--
INFO: Run Behavior\ReadHtmlCacheBehavior [ RunTime:0.002000s ]
INFO: [ app_begin ] --END-- [ RunTime:0.002000s ]
SQL: SHOW COLUMNS FROM `dhd_node` [ RunTime:0.0110s ]
SQL: SELECT * FROM `dhd_node` WHERE `p_id` = 0  [ RunTime:0.0010s ]
SQL: SELECT * FROM `dhd_node` WHERE `p_id` = 1  [ RunTime:0.0010s ]
SQL: SELECT * FROM `dhd_node` WHERE `p_id` = 2  [ RunTime:0.0010s ]
SQL: SELECT * FROM `dhd_node` WHERE `p_id` = 3  [ RunTime:0.0020s ]
SQL: SELECT * FROM `dhd_node` WHERE `p_id` = 4  [ RunTime:0.0010s ]
SQL: SELECT * FROM `dhd_node` WHERE `p_id` = 5  [ RunTime:0.0020s ]
SQL: SELECT * FROM `dhd_node` WHERE `p_id` = 6  [ RunTime:0.0020s ]
INFO: [ view_parse ] --START--
INFO: [ template_filter ] --START--
INFO: Run Behavior\ContentReplaceBehavior [ RunTime:0.000000s ]
INFO: [ template_filter ] --END-- [ RunTime:0.000000s ]
INFO: Run Behavior\ParseTemplateBehavior [ RunTime:0.009001s ]
INFO: [ view_parse ] --END-- [ RunTime:0.010001s ]
INFO: [ view_filter ] --START--
INFO: Run Behavior\WriteHtmlCacheBehavior [ RunTime:0.000000s ]
INFO: [ view_filter ] --END-- [ RunTime:0.000000s ]
INFO: [ app_end ] --START--
INFO: Run Behavior\ShowPageTraceBehavior [ RunTime:0.001000s ]
INFO: [ app_end ] --END-- [ RunTime:0.001000s ]

[ 2018-05-04T09:05:53+08:00 ] ::1 /dhd_system/dhd_system/?s=Home/Index/content/
INFO: [ app_init ] --START--
INFO: Run Behavior\BuildLiteBehavior [ RunTime:0.000000s ]
INFO: [ app_init ] --END-- [ RunTime:0.000000s ]
INFO: [ app_begin ] --START--
INFO: Run Behavior\ReadHtmlCacheBehavior [ RunTime:0.001000s ]
INFO: [ app_begin ] --END-- [ RunTime:0.001000s ]
INFO: [ view_parse ] --START--
INFO: [ template_filter ] --START--
INFO: Run Behavior\ContentReplaceBehavior [ RunTime:0.000000s ]
INFO: [ template_filter ] --END-- [ RunTime:0.000000s ]
INFO: Run Behavior\ParseTemplateBehavior [ RunTime:0.010001s ]
INFO: [ view_parse ] --END-- [ RunTime:0.010001s ]
INFO: [ view_filter ] --START--
INFO: Run Behavior\WriteHtmlCacheBehavior [ RunTime:0.002000s ]
INFO: [ view_filter ] --END-- [ RunTime:0.002000s ]
INFO: [ app_end ] --START--
INFO: Run Behavior\ShowPageTraceBehavior [ RunTime:0.001000s ]
INFO: [ app_end ] --END-- [ RunTime:0.001000s ]

[ 2018-05-04T09:06:00+08:00 ] ::1 /dhd_system/dhd_system/?s=Home/Pend/pend_index
INFO: [ app_init ] --START--
INFO: Run Behavior\BuildLiteBehavior [ RunTime:0.000000s ]
INFO: [ app_init ] --END-- [ RunTime:0.000000s ]
INFO: [ app_begin ] --START--
INFO: Run Behavior\ReadHtmlCacheBehavior [ RunTime:0.000000s ]
INFO: [ app_begin ] --END-- [ RunTime:0.000000s ]
SQL: SHOW COLUMNS FROM `dhd_contract` [ RunTime:0.0120s ]
SQL: SELECT c.id,`contractnumber`,`contracttype`,`ac_time`,`pro_address`,`detailscoll`,`client_name`,`actual_amount`,`username` FROM dhd_contract as c INNER JOIN dhd_details as d on c.det_id = d.id INNER JOIN dhd_client as k on c.client_id = k.id INNER JOIN dhd_product as p on d.pro_id = p.id INNER JOIN dhd_user as u on u.id = c.user_id  WHERE `account_audit` = 1  [ RunTime:0.0080s ]
INFO: [ view_parse ] --START--
INFO: [ template_filter ] --START--
INFO: Run Behavior\ContentReplaceBehavior [ RunTime:0.000000s ]
INFO: [ template_filter ] --END-- [ RunTime:0.000000s ]
NOTIC: [8] Undefined variable: page D:\phpStudy\phpStudy\WWW\dhd_system\dhd_system\Application\Runtime\Cache\Home\e187908b03761c3a3ce9105ec0e29222.php ç¬¬ 63 è¡Œ.
INFO: Run Behavior\ParseTemplateBehavior [ RunTime:0.010001s ]
INFO: [ view_parse ] --END-- [ RunTime:0.010001s ]
INFO: [ view_filter ] --START--
INFO: Run Behavior\WriteHtmlCacheBehavior [ RunTime:0.001000s ]
INFO: [ view_filter ] --END-- [ RunTime:0.001000s ]
INFO: [ app_end ] --START--
INFO: Run Behavior\ShowPageTraceBehavior [ RunTime:0.001000s ]
INFO: [ app_end ] --END-- [ RunTime:0.001000s ]

[ 2018-05-04T09:06:24+08:00 ] ::1 /dhd_system/dhd_system/?s=Home/Pend/pend_index
INFO: [ app_init ] --START--
INFO: Run Behavior\BuildLiteBehavior [ RunTime:0.000000s ]
INFO: [ app_init ] --END-- [ RunTime:0.001000s ]
INFO: [ app_begin ] --START--
INFO: Run Behavior\ReadHtmlCacheBehavior [ RunTime:0.001000s ]
INFO: [ app_begin ] --END-- [ RunTime:0.001000s ]
SQL: SHOW COLUMNS FROM `dhd_contract` [ RunTime:0.0100s ]
SQL: SELECT c.id,`contractnumber`,`contracttype`,`ac_time`,`pro_address`,`detailscoll`,`client_name`,`actual_amount`,`username` FROM dhd_contract as c INNER JOIN dhd_details as d on c.det_id = d.id INNER JOIN dhd_client as k on c.client_id = k.id INNER JOIN dhd_product as p on d.pro_id = p.id INNER JOIN dhd_user as u on u.id = c.user_id  WHERE `account_audit` = 1  [ RunTime:0.0020s ]
INFO: [ view_parse ] --START--
INFO: [ template_filter ] --START--
INFO: Run Behavior\ContentReplaceBehavior [ RunTime:0.000000s ]
INFO: [ template_filter ] --END-- [ RunTime:0.000000s ]
NOTIC: [8] Undefined variable: page D:\phpStudy\phpStudy\WWW\dhd_system\dhd_system\Application\Runtime\Cache\Home\e187908b03761c3a3ce9105ec0e29222.php ç¬¬ 63 è¡Œ.
INFO: Run Behavior\ParseTemplateBehavior [ RunTime:0.013001s ]
INFO: [ view_parse ] --END-- [ RunTime:0.013001s ]
INFO: [ view_filter ] --START--
INFO: Run Behavior\WriteHtmlCacheBehavior [ RunTime:0.000000s ]
INFO: [ view_filter ] --END-- [ RunTime:0.000000s ]
INFO: [ app_end ] --START--
INFO: Run Behavior\ShowPageTraceBehavior [ RunTime:0.001000s ]
INFO: [ app_end ] --END-- [ RunTime:0.001000s ]

[ 2018-05-04T09:07:13+08:00 ] ::1 /dhd_system/dhd_system/?s=Home/Pend/pend_index
INFO: [ app_init ] --START--
INFO: Run Behavior\BuildLiteBehavior [ RunTime:0.000000s ]
INFO: [ app_init ] --END-- [ RunTime:0.001000s ]
INFO: [ app_begin ] --START--
INFO: Run Behavior\ReadHtmlCacheBehavior [ RunTime:0.000000s ]
INFO: [ app_begin ] --END-- [ RunTime:0.000000s ]
SQL: SHOW COLUMNS FROM `dhd_contract` [ RunTime:0.0100s ]
SQL: SELECT c.id,`contractnumber`,`contracttype`,`ac_time`,`pro_address`,`detailscoll`,`client_name`,`actual_amount`,`username` FROM dhd_contract as c INNER JOIN dhd_details as d on c.det_id = d.id INNER JOIN dhd_client as k on c.client_id = k.id INNER JOIN dhd_product as p on d.pro_id = p.id INNER JOIN dhd_user as u on u.id = c.user_id  WHERE `account_audit` = 1  [ RunTime:0.0020s ]
INFO: [ view_parse ] --START--
INFO: [ template_filter ] --START--
INFO: Run Behavior\ContentReplaceBehavior [ RunTime:0.000000s ]
INFO: [ template_filter ] --END-- [ RunTime:0.000000s ]
NOTIC: [8] Undefined variable: page D:\phpStudy\phpStudy\WWW\dhd_system\dhd_system\Application\Runtime\Cache\Home\e187908b03761c3a3ce9105ec0e29222.php ç¬¬ 63 è¡Œ.
INFO: Run Behavior\ParseTemplateBehavior [ RunTime:0.009000s ]
INFO: [ view_parse ] --END-- [ RunTime:0.009000s ]
INFO: [ view_filter ] --START--
INFO: Run Behavior\WriteHtmlCacheBehavior [ RunTime:0.001000s ]
INFO: [ view_filter ] --END-- [ RunTime:0.001000s ]
INFO: [ app_end ] --START--
INFO: Run Behavior\ShowPageTraceBehavior [ RunTime:0.001000s ]
INFO: [ app_end ] --END-- [ RunTime:0.001000s ]

[ 2018-05-04T09:07:18+08:00 ] ::1 /dhd_system/dhd_system/?s=Home/Pend/pend_index
INFO: [ app_init ] --START--
INFO: Run Behavior\BuildLiteBehavior [ RunTime:0.000000s ]
INFO: [ app_init ] --END-- [ RunTime:0.000000s ]
INFO: [ app_begin ] --START--
INFO: Run Behavior\ReadHtmlCacheBehavior [ RunTime:0.000000s ]
INFO: [ app_begin ] --END-- [ RunTime:0.000000s ]
SQL: SHOW COLUMNS FROM `dhd_contract` [ RunTime:0.0100s ]
SQL: SELECT c.id,`contractnumber`,`contracttype`,`ac_time`,`pro_address`,`detailscoll`,`client_name`,`actual_amount`,`username` FROM dhd_contract as c INNER JOIN dhd_details as d on c.det_id = d.id INNER JOIN dhd_client as k on c.client_id = k.id INNER JOIN dhd_product as p on d.pro_id = p.id INNER JOIN dhd_user as u on u.id = c.user_id  WHERE `account_audit` = 1  [ RunTime:0.0020s ]
INFO: [ view_parse ] --START--
INFO: [ template_filter ] --START--
INFO: Run Behavior\ContentReplaceBehavior [ RunTime:0.000000s ]
INFO: [ template_filter ] --END-- [ RunTime:0.001000s ]
NOTIC: [8] Undefined variable: page D:\phpStudy\phpStudy\WWW\dhd_system\dhd_system\Application\Runtime\Cache\Home\e187908b03761c3a3ce9105ec0e29222.php ç¬¬ 63 è¡Œ.
INFO: Run Behavior\ParseTemplateBehavior [ RunTime:0.008000s ]
INFO: [ view_parse ] --END-- [ RunTime:0.008000s ]
INFO: [ view_filter ] --START--
INFO: Run Behavior\WriteHtmlCacheBehavior [ RunTime:0.000000s ]
INFO: [ view_filter ] --END-- [ RunTime:0.001000s ]
INFO: [ app_end ] --START--
INFO: Run Behavior\ShowPageTraceBehavior [ RunTime:0.000000s ]
INFO: [ app_end ] --END-- [ RunTime:0.000000s ]

[ 2018-05-04T09:07:58+08:00 ] ::1 /dhd_system/dhd_system/?s=Home/Index/index
INFO: [ app_init ] --START--
INFO: Run Behavior\BuildLiteBehavior [ RunTime:0.000000s ]
INFO: [ app_init ] --END-- [ RunTime:0.000000s ]
INFO: [ app_begin ] --START--
INFO: Run Behavior\ReadHtmlCacheBehavior [ RunTime:0.001000s ]
INFO: [ app_begin ] --END-- [ RunTime:0.001000s ]
SQL: SHOW COLUMNS FROM `dhd_node` [ RunTime:0.0100s ]
SQL: SELECT * FROM `dhd_node` WHERE `p_id` = 0  [ RunTime:0.0020s ]
SQL: SELECT * FROM `dhd_node` WHERE `p_id` = 1  [ RunTime:0.0010s ]
SQL: SELECT * FROM `dhd_node` WHERE `p_id` = 2  [ RunTime:0.0010s ]
SQL: SELECT * FROM `dhd_node` WHERE `p_id` = 3  [ RunTime:0.0010s ]
SQL: SELECT * FROM `dhd_node` WHERE `p_id` = 4  [ RunTime:0.0010s ]
SQL: SELECT * FROM `dhd_node` WHERE `p_id` = 5  [ RunTime:0.0010s ]
SQL: SELECT * FROM `dhd_node` WHERE `p_id` = 6  [ RunTime:0.0020s ]
INFO: [ view_parse ] --START--
INFO: [ template_filter ] --START--
INFO: Run Behavior\ContentReplaceBehavior [ RunTime:0.000000s ]
INFO: [ template_filter ] --END-- [ RunTime:0.000000s ]
INFO: Run Behavior\ParseTemplateBehavior [ RunTime:0.011001s ]
INFO: [ view_parse ] --END-- [ RunTime:0.011001s ]
INFO: [ view_filter ] --START--
INFO: Run Behavior\WriteHtmlCacheBehavior [ RunTime:0.000000s ]
INFO: [ view_filter ] --END-- [ RunTime:0.000000s ]
INFO: [ app_end ] --START--
INFO: Run Behavior\ShowPageTraceBehavior [ RunTime:0.001000s ]
INFO: [ app_end ] --END-- [ RunTime:0.001000s ]

[ 2018-05-04T09:07:58+08:00 ] ::1 /dhd_system/dhd_system/?s=Home/Index/content/
INFO: [ app_init ] --START--
INFO: Run Behavior\BuildLiteBehavior [ RunTime:0.000000s ]
INFO: [ app_init ] --END-- [ RunTime:0.001001s ]
INFO: [ app_begin ] --START--
INFO: Run Behavior\ReadHtmlCacheBehavior [ RunTime:0.001000s ]
INFO: [ app_begin ] --END-- [ RunTime:0.001000s ]
INFO: [ view_parse ] --START--
INFO: [ template_filter ] --START--
INFO: Run Behavior\ContentReplaceBehavior [ RunTime:0.000000s ]
INFO: [ template_filter ] --END-- [ RunTime:0.000000s ]
INFO: Run Behavior\ParseTemplateBehavior [ RunTime:0.010000s ]
INFO: [ view_parse ] --END-- [ RunTime:0.010000s ]
INFO: [ view_filter ] --START--
INFO: Run Behavior\WriteHtmlCacheBehavior [ RunTime:0.001000s ]
INFO: [ view_filter ] --END-- [ RunTime:0.001000s ]
INFO: [ app_end ] --START--
INFO: Run Behavior\ShowPageTraceBehavior [ RunTime:0.001001s ]
INFO: [ app_end ] --END-- [ RunTime:0.001001s ]

[ 2018-05-04T09:08:01+08:00 ] ::1 /dhd_system/dhd_system/?s=Home/Pend/pend_index
INFO: [ app_init ] --START--
INFO: Run Behavior\BuildLiteBehavior [ RunTime:0.000000s ]
INFO: [ app_init ] --END-- [ RunTime:0.001000s ]
INFO: [ app_begin ] --START--
INFO: Run Behavior\ReadHtmlCacheBehavior [ RunTime:0.001000s ]
INFO: [ app_begin ] --END-- [ RunTime:0.001000s ]
SQL: SHOW COLUMNS FROM `dhd_contract` [ RunTime:0.0100s ]
SQL: SELECT c.id,`contractnumber`,`contracttype`,`ac_time`,`pro_address`,`detailscoll`,`client_name`,`actual_amount`,`username` FROM dhd_contract as c INNER JOIN dhd_details as d on c.det_id = d.id INNER JOIN dhd_client as k on c.client_id = k.id INNER JOIN dhd_product as p on d.pro_id = p.id INNER JOIN dhd_user as u on u.id = c.user_id  WHERE `account_audit` = 1  [ RunTime:0.0020s ]
INFO: [ view_parse ] --START--
INFO: [ template_filter ] --START--
INFO: Run Behavior\ContentReplaceBehavior [ RunTime:0.000000s ]
INFO: [ template_filter ] --END-- [ RunTime:0.000000s ]
NOTIC: [8] Undefined variable: page D:\phpStudy\phpStudy\WWW\dhd_system\dhd_system\Application\Runtime\Cache\Home\e187908b03761c3a3ce9105ec0e29222.php ç¬¬ 63 è¡Œ.
INFO: Run Behavior\ParseTemplateBehavior [ RunTime:0.009001s ]
INFO: [ view_parse ] --END-- [ RunTime:0.009001s ]
INFO: [ view_filter ] --START--
INFO: Run Behavior\WriteHtmlCacheBehavior [ RunTime:0.000000s ]
INFO: [ view_filter ] --END-- [ RunTime:0.000000s ]
INFO: [ app_end ] --START--
INFO: Run Behavior\ShowPageTraceBehavior [ RunTime:0.001000s ]
INFO: [ app_end ] --END-- [ RunTime:0.001000s ]

[ 2018-05-04T09:08:08+08:00 ] ::1 /dhd_system/dhd_system/?s=Home/Out/out_index
INFO: [ app_init ] --START--
INFO: Run Behavior\BuildLiteBehavior [ RunTime:0.000000s ]
INFO: [ app_init ] --END-- [ RunTime:0.000000s ]
INFO: [ app_begin ] --START--
INFO: Run Behavior\ReadHtmlCacheBehavior [ RunTime:0.001000s ]
INFO: [ app_begin ] --END-- [ RunTime:0.001000s ]
SQL: SHOW COLUMNS FROM `dhd_contract` [ RunTime:0.0100s ]
SQL: SELECT c.id,`contractnumber`,c.contracttype,`ac_time`,`pro_address`,`detailscoll`,`client_name`,`actual_amount`,`username`,`legalperson`,`legaltel`,`credit_code`,`signcompany`,`middle_name`,`middle_man`,`middle_tel` FROM dhd_contract as c INNER JOIN dhd_details as d on c.det_id = d.id INNER JOIN dhd_client as k on c.client_id = k.id INNER JOIN dhd_product as p on d.pro_id = p.id INNER JOIN dhd_middle as m on k.nuddke_id = m.id INNER JOIN dhd_stencil as s on c.stencil_id = s.id INNER JOIN dhd_user as u on u.id = c.user_id  WHERE `account_audit` = 4  [ RunTime:0.0070s ]
INFO: [ view_parse ] --START--
INFO: [ template_filter ] --START--
INFO: Run Behavior\ContentReplaceBehavior [ RunTime:0.000000s ]
INFO: [ template_filter ] --END-- [ RunTime:0.000000s ]
NOTIC: [8] Undefined variable: page D:\phpStudy\phpStudy\WWW\dhd_system\dhd_system\Application\Runtime\Cache\Home\8296a887a7901c6211b5c88aa4f810c2.php ç¬¬ 80 è¡Œ.
INFO: Run Behavior\ParseTemplateBehavior [ RunTime:0.011000s ]
INFO: [ view_parse ] --END-- [ RunTime:0.011000s ]
INFO: [ view_filter ] --START--
INFO: Run Behavior\WriteHtmlCacheBehavior [ RunTime:0.001000s ]
INFO: [ view_filter ] --END-- [ RunTime:0.001000s ]
INFO: [ app_end ] --START--
INFO: Run Behavior\ShowPageTraceBehavior [ RunTime:0.001000s ]
INFO: [ app_end ] --END-- [ RunTime:0.001000s ]

[ 2018-05-04T09:08:09+08:00 ] ::1 /dhd_system/dhd_system/?s=Home/Out/out_index
INFO: [ app_init ] --START--
INFO: Run Behavior\BuildLiteBehavior [ RunTime:0.000000s ]
INFO: [ app_init ] --END-- [ RunTime:0.002000s ]
INFO: [ app_begin ] --START--
INFO: Run Behavior\ReadHtmlCacheBehavior [ RunTime:0.000000s ]
INFO: [ app_begin ] --END-- [ RunTime:0.000000s ]
SQL: SHOW COLUMNS FROM `dhd_contract` [ RunTime:0.0100s ]
SQL: SELECT c.id,`contractnumber`,c.contracttype,`ac_time`,`pro_address`,`detailscoll`,`client_name`,`actual_amount`,`username`,`legalperson`,`legaltel`,`credit_code`,`signcompany`,`middle_name`,`middle_man`,`middle_tel` FROM dhd_contract as c INNER JOIN dhd_details as d on c.det_id = d.id INNER JOIN dhd_client as k on c.client_id = k.id INNER JOIN dhd_product as p on d.pro_id = p.id INNER JOIN dhd_middle as m on k.nuddke_id = m.id INNER JOIN dhd_stencil as s on c.stencil_id = s.id INNER JOIN dhd_user as u on u.id = c.user_id  WHERE `account_audit` = 4  [ RunTime:0.0030s ]
INFO: [ view_parse ] --START--
INFO: [ template_filter ] --START--
INFO: Run Behavior\ContentReplaceBehavior [ RunTime:0.000000s ]
INFO: [ template_filter ] --END-- [ RunTime:0.000000s ]
NOTIC: [8] Undefined variable: page D:\phpStudy\phpStudy\WWW\dhd_system\dhd_system\Application\Runtime\Cache\Home\8296a887a7901c6211b5c88aa4f810c2.php ç¬¬ 80 è¡Œ.
INFO: Run Behavior\ParseTemplateBehavior [ RunTime:0.014001s ]
INFO: [ view_parse ] --END-- [ RunTime:0.014001s ]
INFO: [ view_filter ] --START--
INFO: Run Behavior\WriteHtmlCacheBehavior [ RunTime:0.001000s ]
INFO: [ view_filter ] --END-- [ RunTime:0.001000s ]
INFO: [ app_end ] --START--
INFO: Run Behavior\ShowPageTraceBehavior [ RunTime:0.002000s ]
INFO: [ app_end ] --END-- [ RunTime:0.002000s ]

[ 2018-05-04T09:09:09+08:00 ] ::1 /dhd_system/dhd_system/?s=Home/Out/out_index
INFO: [ app_init ] --START--
INFO: Run Behavior\BuildLiteBehavior [ RunTime:0.000000s ]
INFO: [ app_init ] --END-- [ RunTime:0.001000s ]
INFO: [ app_begin ] --START--
INFO: Run Behavior\ReadHtmlCacheBehavior [ RunTime:0.001001s ]
INFO: [ app_begin ] --END-- [ RunTime:0.001001s ]
SQL: SHOW COLUMNS FROM `dhd_contract` [ RunTime:0.0100s ]
SQL: SELECT c.id,`contractnumber`,c.contracttype,`ac_time`,`pro_address`,`detailscoll`,`client_name`,`actual_amount`,`username`,`legalperson`,`legaltel`,`credit_code`,`signcompany`,`middle_name`,`middle_man`,`middle_tel` FROM dhd_contract as c INNER JOIN dhd_details as d on c.det_id = d.id INNER JOIN dhd_client as k on c.client_id = k.id INNER JOIN dhd_product as p on d.pro_id = p.id INNER JOIN dhd_middle as m on k.nuddke_id = m.id INNER JOIN dhd_stencil as s on c.stencil_id = s.id INNER JOIN dhd_user as u on u.id = c.user_id  WHERE `account_audit` = 4  [ RunTime:0.0030s ]
INFO: [ view_parse ] --START--
INFO: [ template_filter ] --START--
INFO: Run Behavior\ContentReplaceBehavior [ RunTime:0.000000s ]
INFO: [ template_filter ] --END-- [ RunTime:0.000000s ]
NOTIC: [8] Undefined variable: page D:\phpStudy\phpStudy\WWW\dhd_system\dhd_system\Application\Runtime\Cache\Home\8296a887a7901c6211b5c88aa4f810c2.php ç¬¬ 80 è¡Œ.
INFO: Run Behavior\ParseTemplateBehavior [ RunTime:0.012001s ]
INFO: [ view_parse ] --END-- [ RunTime:0.012001s ]
INFO: [ view_filter ] --START--
INFO: Run Behavior\WriteHtmlCacheBehavior [ RunTime:0.000000s ]
INFO: [ view_filter ] --END-- [ RunTime:0.000000s ]
INFO: [ app_end ] --START--
INFO: Run Behavior\ShowPageTraceBehavior [ RunTime:0.000000s ]
INFO: [ app_end ] --END-- [ RunTime:0.001000s ]

[ 2018-05-04T09:09:11+08:00 ] ::1 /dhd_system/dhd_system/?s=Home/Out/out_index
INFO: [ app_init ] --START--
INFO: Run Behavior\BuildLiteBehavior [ RunTime:0.000000s ]
INFO: [ app_init ] --END-- [ RunTime:0.001000s ]
INFO: [ app_begin ] --START--
INFO: Run Behavior\ReadHtmlCacheBehavior [ RunTime:0.001000s ]
INFO: [ app_begin ] --END-- [ RunTime:0.001000s ]
SQL: SHOW COLUMNS FROM `dhd_contract` [ RunTime:0.0100s ]
SQL: SELECT c.id,`contractnumber`,c.contracttype,`ac_time`,`pro_address`,`detailscoll`,`client_name`,`actual_amount`,`username`,`legalperson`,`legaltel`,`credit_code`,`signcompany`,`middle_name`,`middle_man`,`middle_tel` FROM dhd_contract as c INNER JOIN dhd_details as d on c.det_id = d.id INNER JOIN dhd_client as k on c.client_id = k.id INNER JOIN dhd_product as p on d.pro_id = p.id INNER JOIN dhd_middle as m on k.nuddke_id = m.id INNER JOIN dhd_stencil as s on c.stencil_id = s.id INNER JOIN dhd_user as u on u.id = c.user_id  WHERE `account_audit` = 4  [ RunTime:0.0030s ]
INFO: [ view_parse ] --START--
INFO: [ template_filter ] --START--
INFO: Run Behavior\ContentReplaceBehavior [ RunTime:0.000000s ]
INFO: [ template_filter ] --END-- [ RunTime:0.000000s ]
NOTIC: [8] Undefined variable: page D:\phpStudy\phpStudy\WWW\dhd_system\dhd_system\Application\Runtime\Cache\Home\8296a887a7901c6211b5c88aa4f810c2.php ç¬¬ 80 è¡Œ.
INFO: Run Behavior\ParseTemplateBehavior [ RunTime:0.012000s ]
INFO: [ view_parse ] --END-- [ RunTime:0.012000s ]
INFO: [ view_filter ] --START--
INFO: Run Behavior\WriteHtmlCacheBehavior [ RunTime:0.001000s ]
INFO: [ view_filter ] --END-- [ RunTime:0.001000s ]
INFO: [ app_end ] --START--
INFO: Run Behavior\ShowPageTraceBehavior [ RunTime:0.001001s ]
INFO: [ app_end ] --END-- [ RunTime:0.001001s ]

[ 2018-05-04T09:09:13+08:00 ] ::1 /dhd_system/dhd_system/?s=Home/Completion/completion_index
INFO: [ app_init ] --START--
INFO: Run Behavior\BuildLiteBehavior [ RunTime:0.000000s ]
INFO: [ app_init ] --END-- [ RunTime:0.000000s ]
INFO: [ app_begin ] --START--
INFO: Run Behavior\ReadHtmlCacheBehavior [ RunTime:0.000000s ]
INFO: [ app_begin ] --END-- [ RunTime:0.000000s ]
SQL: SHOW COLUMNS FROM `dhd_contract` [ RunTime:0.0100s ]
SQL: SELECT c.id,`contractnumber`,c.contracttype,`ac_time`,`pro_address`,`detailscoll`,`client_name`,`actual_amount`,`real_name`,`legalperson`,`legaltel`,`credit_code`,`signcompany`,`middle_name`,`middle_man`,`middle_tel` FROM dhd_contract as c INNER JOIN dhd_details as d on c.det_id = d.id INNER JOIN dhd_client as k on c.client_id = k.id INNER JOIN dhd_product as p on d.pro_id = p.id left join dhd_middle as m on k.nuddke_id = m.id INNER JOIN dhd_stencil as s on c.stencil_id = s.id INNER JOIN dhd_user as u on u.id = c.user_id  WHERE `account_audit` = 4  [ RunTime:0.0020s ]
INFO: [ view_parse ] --START--
INFO: [ template_filter ] --START--
INFO: Run Behavior\ContentReplaceBehavior [ RunTime:0.000000s ]
INFO: [ template_filter ] --END-- [ RunTime:0.000000s ]
NOTIC: [8] Undefined variable: page D:\phpStudy\phpStudy\WWW\dhd_system\dhd_system\Application\Runtime\Cache\Home\da89dc63f972892eb26d1ee4c087f8e4.php ç¬¬ 69 è¡Œ.
INFO: Run Behavior\ParseTemplateBehavior [ RunTime:0.015001s ]
INFO: [ view_parse ] --END-- [ RunTime:0.015001s ]
INFO: [ view_filter ] --START--
INFO: Run Behavior\WriteHtmlCacheBehavior [ RunTime:0.000000s ]
INFO: [ view_filter ] --END-- [ RunTime:0.000000s ]
INFO: [ app_end ] --START--
INFO: Run Behavior\ShowPageTraceBehavior [ RunTime:0.000000s ]
INFO: [ app_end ] --END-- [ RunTime:0.000000s ]

[ 2018-05-04T09:09:17+08:00 ] ::1 /dhd_system/dhd_system/?s=Home/Completion/completion_index
INFO: [ app_init ] --START--
INFO: Run Behavior\BuildLiteBehavior [ RunTime:0.000000s ]
INFO: [ app_init ] --END-- [ RunTime:0.000000s ]
INFO: [ app_begin ] --START--
INFO: Run Behavior\ReadHtmlCacheBehavior [ RunTime:0.001000s ]
INFO: [ app_begin ] --END-- [ RunTime:0.001000s ]
SQL: SHOW COLUMNS FROM `dhd_contract` [ RunTime:0.0100s ]
SQL: SELECT c.id,`contractnumber`,c.contracttype,`ac_time`,`pro_address`,`detailscoll`,`client_name`,`actual_amount`,`real_name`,`legalperson`,`legaltel`,`credit_code`,`signcompany`,`middle_name`,`middle_man`,`middle_tel` FROM dhd_contract as c INNER JOIN dhd_details as d on c.det_id = d.id INNER JOIN dhd_client as k on c.client_id = k.id INNER JOIN dhd_product as p on d.pro_id = p.id left join dhd_middle as m on k.nuddke_id = m.id INNER JOIN dhd_stencil as s on c.stencil_id = s.id INNER JOIN dhd_user as u on u.id = c.user_id  WHERE `account_audit` = 4  [ RunTime:0.0030s ]
INFO: [ view_parse ] --START--
INFO: [ template_filter ] --START--
INFO: Run Behavior\ContentReplaceBehavior [ RunTime:0.000000s ]
INFO: [ template_filter ] --END-- [ RunTime:0.000000s ]
NOTIC: [8] Undefined variable: page D:\phpStudy\phpStudy\WWW\dhd_system\dhd_system\Application\Runtime\Cache\Home\da89dc63f972892eb26d1ee4c087f8e4.php ç¬¬ 69 è¡Œ.
INFO: Run Behavior\ParseTemplateBehavior [ RunTime:0.012001s ]
INFO: [ view_parse ] --END-- [ RunTime:0.013001s ]
INFO: [ view_filter ] --START--
INFO: Run Behavior\WriteHtmlCacheBehavior [ RunTime:0.000000s ]
INFO: [ view_filter ] --END-- [ RunTime:0.000000s ]
INFO: [ app_end ] --START--
INFO: Run Behavior\ShowPageTraceBehavior [ RunTime:0.002000s ]
INFO: [ app_end ] --END-- [ RunTime:0.002000s ]

[ 2018-05-04T09:09:58+08:00 ] ::1 /dhd_system/dhd_system/?s=Home/Completion/completion_index
INFO: [ app_init ] --START--
INFO: Run Behavior\BuildLiteBehavior [ RunTime:0.000000s ]
INFO: [ app_init ] --END-- [ RunTime:0.001000s ]
INFO: [ app_begin ] --START--
INFO: Run Behavior\ReadHtmlCacheBehavior [ RunTime:0.001000s ]
INFO: [ app_begin ] --END-- [ RunTime:0.001000s ]
SQL: SHOW COLUMNS FROM `dhd_contract` [ RunTime:0.0100s ]
SQL: SELECT c.id,`contractnumber`,c.contracttype,`ac_time`,`pro_address`,`detailscoll`,`client_name`,`actual_amount`,`real_name`,`legalperson`,`legaltel`,`credit_code`,`signcompany`,`middle_name`,`middle_man`,`middle_tel` FROM dhd_contract as c INNER JOIN dhd_details as d on c.det_id = d.id INNER JOIN dhd_client as k on c.client_id = k.id INNER JOIN dhd_product as p on d.pro_id = p.id left join dhd_middle as m on k.nuddke_id = m.id INNER JOIN dhd_stencil as s on c.stencil_id = s.id INNER JOIN dhd_user as u on u.id = c.user_id  WHERE `account_audit` = 4  [ RunTime:0.0030s ]
INFO: [ view_parse ] --START--
INFO: [ template_filter ] --START--
INFO: Run Behavior\ContentReplaceBehavior [ RunTime:0.000000s ]
INFO: [ template_filter ] --END-- [ RunTime:0.000000s ]
NOTIC: [8] Undefined variable: page D:\phpStudy\phpStudy\WWW\dhd_system\dhd_system\Application\Runtime\Cache\Home\da89dc63f972892eb26d1ee4c087f8e4.php ç¬¬ 69 è¡Œ.
INFO: Run Behavior\ParseTemplateBehavior [ RunTime:0.010001s ]
INFO: [ view_parse ] --END-- [ RunTime:0.010001s ]
INFO: [ view_filter ] --START--
INFO: Run Behavior\WriteHtmlCacheBehavior [ RunTime:0.001000s ]
INFO: [ view_filter ] --END-- [ RunTime:0.001000s ]
INFO: [ app_end ] --START--
INFO: Run Behavior\ShowPageTraceBehavior [ RunTime:0.001000s ]
INFO: [ app_end ] --END-- [ RunTime:0.001000s ]

[ 2018-05-04T09:10:01+08:00 ] ::1 /dhd_system/dhd_system/?s=Home/Rent/rent_index
INFO: [ app_init ] --START--
INFO: Run Behavior\BuildLiteBehavior [ RunTime:0.000000s ]
INFO: [ app_init ] --END-- [ RunTime:0.000000s ]
INFO: [ app_begin ] --START--
INFO: Run Behavior\ReadHtmlCacheBehavior [ RunTime:0.000000s ]
INFO: [ app_begin ] --END-- [ RunTime:0.000000s ]
INFO: [ view_parse ] --START--
INFO: [ template_filter ] --START--
INFO: Run Behavior\ContentReplaceBehavior [ RunTime:0.000000s ]
INFO: [ template_filter ] --END-- [ RunTime:0.000000s ]
NOTIC: [8] Undefined variable: page D:\phpStudy\phpStudy\WWW\dhd_system\dhd_system\Application\Runtime\Cache\Home\0dffbbe9cd1070403286907a28fcde8b.php ç¬¬ 113 è¡Œ.
INFO: Run Behavior\ParseTemplateBehavior [ RunTime:0.033601s ]
INFO: [ view_parse ] --END-- [ RunTime:0.033601s ]
INFO: [ view_filter ] --START--
INFO: Run Behavior\WriteHtmlCacheBehavior [ RunTime:0.001000s ]
INFO: [ view_filter ] --END-- [ RunTime:0.001000s ]
INFO: [ app_end ] --START--
INFO: Run Behavior\ShowPageTraceBehavior [ RunTime:0.001000s ]
INFO: [ app_end ] --END-- [ RunTime:0.001000s ]

[ 2018-05-04T09:10:04+08:00 ] ::1 /dhd_system/dhd_system/?s=Home/Rent/rent_index
INFO: [ app_init ] --START--
INFO: Run Behavior\BuildLiteBehavior [ RunTime:0.000000s ]
INFO: [ app_init ] --END-- [ RunTime:0.001000s ]
INFO: [ app_begin ] --START--
INFO: Run Behavior\ReadHtmlCacheBehavior [ RunTime:0.000000s ]
INFO: [ app_begin ] --END-- [ RunTime:0.001000s ]
INFO: [ view_parse ] --START--
INFO: [ template_filter ] --START--
INFO: Run Behavior\ContentReplaceBehavior [ RunTime:0.001000s ]
INFO: [ template_filter ] --END-- [ RunTime:0.001000s ]
NOTIC: [8] Undefined variable: page D:\phpStudy\phpStudy\WWW\dhd_system\dhd_system\Application\Runtime\Cache\Home\0dffbbe9cd1070403286907a28fcde8b.php ç¬¬ 113 è¡Œ.
INFO: Run Behavior\ParseTemplateBehavior [ RunTime:0.010000s ]
INFO: [ view_parse ] --END-- [ RunTime:0.010000s ]
INFO: [ view_filter ] --START--
INFO: Run Behavior\WriteHtmlCacheBehavior [ RunTime:0.001000s ]
INFO: [ view_filter ] --END-- [ RunTime:0.001000s ]
INFO: [ app_end ] --START--
INFO: Run Behavior\ShowPageTraceBehavior [ RunTime:0.002000s ]
INFO: [ app_end ] --END-- [ RunTime:0.002000s ]

[ 2018-05-04T09:10:31+08:00 ] ::1 /dhd_system/dhd_system/?s=Home/Rent/rent_index
INFO: [ app_init ] --START--
INFO: Run Behavior\BuildLiteBehavior [ RunTime:0.000000s ]
INFO: [ app_init ] --END-- [ RunTime:0.002000s ]
INFO: [ app_begin ] --START--
INFO: Run Behavior\ReadHtmlCacheBehavior [ RunTime:0.001000s ]
INFO: [ app_begin ] --END-- [ RunTime:0.001000s ]
INFO: [ view_parse ] --START--
INFO: [ template_filter ] --START--
INFO: Run Behavior\ContentReplaceBehavior [ RunTime:0.000000s ]
INFO: [ template_filter ] --END-- [ RunTime:0.000000s ]
NOTIC: [8] Undefined variable: page D:\phpStudy\phpStudy\WWW\dhd_system\dhd_system\Application\Runtime\Cache\Home\0dffbbe9cd1070403286907a28fcde8b.php ç¬¬ 113 è¡Œ.
INFO: Run Behavior\ParseTemplateBehavior [ RunTime:0.010001s ]
INFO: [ view_parse ] --END-- [ RunTime:0.010001s ]
INFO: [ view_filter ] --START--
INFO: Run Behavior\WriteHtmlCacheBehavior [ RunTime:0.000000s ]
INFO: [ view_filter ] --END-- [ RunTime:0.000000s ]
INFO: [ app_end ] --START--
INFO: Run Behavior\ShowPageTraceBehavior [ RunTime:0.000000s ]
INFO: [ app_end ] --END-- [ RunTime:0.000000s ]

[ 2018-05-04T09:10:34+08:00 ] ::1 /dhd_system/dhd_system/?s=Home/Rent/rent_index
INFO: [ app_init ] --START--
INFO: Run Behavior\BuildLiteBehavior [ RunTime:0.000000s ]
INFO: [ app_init ] --END-- [ RunTime:0.001000s ]
INFO: [ app_begin ] --START--
INFO: Run Behavior\ReadHtmlCacheBehavior [ RunTime:0.001000s ]
INFO: [ app_begin ] --END-- [ RunTime:0.001000s ]
INFO: [ view_parse ] --START--
INFO: [ template_filter ] --START--
INFO: Run Behavior\ContentReplaceBehavior [ RunTime:0.000000s ]
INFO: [ template_filter ] --END-- [ RunTime:0.000000s ]
NOTIC: [8] Undefined variable: page D:\phpStudy\phpStudy\WWW\dhd_system\dhd_system\Application\Runtime\Cache\Home\0dffbbe9cd1070403286907a28fcde8b.php ç¬¬ 113 è¡Œ.
INFO: Run Behavior\ParseTemplateBehavior [ RunTime:0.009001s ]
INFO: [ view_parse ] --END-- [ RunTime:0.009001s ]
INFO: [ view_filter ] --START--
INFO: Run Behavior\WriteHtmlCacheBehavior [ RunTime:0.001000s ]
INFO: [ view_filter ] --END-- [ RunTime:0.001000s ]
INFO: [ app_end ] --START--
INFO: Run Behavior\ShowPageTraceBehavior [ RunTime:0.001000s ]
INFO: [ app_end ] --END-- [ RunTime:0.001000s ]

[ 2018-05-04T09:10:36+08:00 ] ::1 /dhd_system/dhd_system/?s=Home/Expiry/expiry_index
INFO: [ app_init ] --START--
INFO: Run Behavior\BuildLiteBehavior [ RunTime:0.000000s ]
INFO: [ app_init ] --END-- [ RunTime:0.000000s ]
INFO: [ app_begin ] --START--
INFO: Run Behavior\ReadHtmlCacheBehavior [ RunTime:0.000000s ]
INFO: [ app_begin ] --END-- [ RunTime:0.000000s ]
SQL: SHOW COLUMNS FROM `dhd_contract` [ RunTime:0.0100s ]
SQL: SELECT c.id,`contractnumber`,c.contracttype,`ac_time`,`pro_address`,`detailscoll`,`client_name`,`actual_amount`,`username`,`legalperson`,`legaltel`,`credit_code`,`signcompany`,`middle_name`,`middle_man`,`middle_tel` FROM dhd_contract as c INNER JOIN dhd_details as d on c.det_id = d.id INNER JOIN dhd_client as k on c.client_id = k.id INNER JOIN dhd_product as p on d.pro_id = p.id INNER JOIN dhd_middle as m on k.nuddke_id = m.id INNER JOIN dhd_stencil as s on c.stencil_id = s.id INNER JOIN dhd_user as u on u.id = c.user_id  WHERE `account_audit` = 4  [ RunTime:0.0030s ]
INFO: [ view_parse ] --START--
INFO: [ template_filter ] --START--
INFO: Run Behavior\ContentReplaceBehavior [ RunTime:0.000000s ]
INFO: [ template_filter ] --END-- [ RunTime:0.000000s ]
NOTIC: [8] Undefined variable: page D:\phpStudy\phpStudy\WWW\dhd_system\dhd_system\Application\Runtime\Cache\Home\663190bc2a0d3c5d6c49d27064270e50.php ç¬¬ 89 è¡Œ.
INFO: Run Behavior\ParseTemplateBehavior [ RunTime:0.012001s ]
INFO: [ view_parse ] --END-- [ RunTime:0.012001s ]
INFO: [ view_filter ] --START--
INFO: Run Behavior\WriteHtmlCacheBehavior [ RunTime:0.001000s ]
INFO: [ view_filter ] --END-- [ RunTime:0.001000s ]
INFO: [ app_end ] --START--
INFO: Run Behavior\ShowPageTraceBehavior [ RunTime:0.001000s ]
INFO: [ app_end ] --END-- [ RunTime:0.001000s ]

[ 2018-05-04T09:10:40+08:00 ] ::1 /dhd_system/dhd_system/?s=Home/Expiry/expiry_index
INFO: [ app_init ] --START--
INFO: Run Behavior\BuildLiteBehavior [ RunTime:0.000000s ]
INFO: [ app_init ] --END-- [ RunTime:0.001000s ]
INFO: [ app_begin ] --START--
INFO: Run Behavior\ReadHtmlCacheBehavior [ RunTime:0.001000s ]
INFO: [ app_begin ] --END-- [ RunTime:0.001000s ]
SQL: SHOW COLUMNS FROM `dhd_contract` [ RunTime:0.0100s ]
SQL: SELECT c.id,`contractnumber`,c.contracttype,`ac_time`,`pro_address`,`detailscoll`,`client_name`,`actual_amount`,`username`,`legalperson`,`legaltel`,`credit_code`,`signcompany`,`middle_name`,`middle_man`,`middle_tel` FROM dhd_contract as c INNER JOIN dhd_details as d on c.det_id = d.id INNER JOIN dhd_client as k on c.client_id = k.id INNER JOIN dhd_product as p on d.pro_id = p.id INNER JOIN dhd_middle as m on k.nuddke_id = m.id INNER JOIN dhd_stencil as s on c.stencil_id = s.id INNER JOIN dhd_user as u on u.id = c.user_id  WHERE `account_audit` = 4  [ RunTime:0.0040s ]
INFO: [ view_parse ] --START--
INFO: [ template_filter ] --START--
INFO: Run Behavior\ContentReplaceBehavior [ RunTime:0.000000s ]
INFO: [ template_filter ] --END-- [ RunTime:0.001000s ]
NOTIC: [8] Undefined variable: page D:\phpStudy\phpStudy\WWW\dhd_system\dhd_system\Application\Runtime\Cache\Home\663190bc2a0d3c5d6c49d27064270e50.php ç¬¬ 89 è¡Œ.
INFO: Run Behavior\ParseTemplateBehavior [ RunTime:0.018001s ]
INFO: [ view_parse ] --END-- [ RunTime:0.018001s ]
INFO: [ view_filter ] --START--
INFO: Run Behavior\WriteHtmlCacheBehavior [ RunTime:0.001000s ]
INFO: [ view_filter ] --END-- [ RunTime:0.001000s ]
INFO: [ app_end ] --START--
INFO: Run Behavior\ShowPageTraceBehavior [ RunTime:0.000000s ]
INFO: [ app_end ] --END-- [ RunTime:0.001000s ]

[ 2018-05-04T09:10:58+08:00 ] ::1 /dhd_system/dhd_system/?s=Home/Expiry/expiry_index
INFO: [ app_init ] --START--
INFO: Run Behavior\BuildLiteBehavior [ RunTime:0.000000s ]
INFO: [ app_init ] --END-- [ RunTime:0.001000s ]
INFO: [ app_begin ] --START--
INFO: Run Behavior\ReadHtmlCacheBehavior [ RunTime:0.000000s ]
INFO: [ app_begin ] --END-- [ RunTime:0.000000s ]
SQL: SHOW COLUMNS FROM `dhd_contract` [ RunTime:0.0040s ]
SQL: SELECT c.id,`contractnumber`,c.contracttype,`ac_time`,`pro_address`,`detailscoll`,`client_name`,`actual_amount`,`username`,`legalperson`,`legaltel`,`credit_code`,`signcompany`,`middle_name`,`middle_man`,`middle_tel` FROM dhd_contract as c INNER JOIN dhd_details as d on c.det_id = d.id INNER JOIN dhd_client as k on c.client_id = k.id INNER JOIN dhd_product as p on d.pro_id = p.id INNER JOIN dhd_middle as m on k.nuddke_id = m.id INNER JOIN dhd_stencil as s on c.stencil_id = s.id INNER JOIN dhd_user as u on u.id = c.user_id  WHERE `account_audit` = 4  [ RunTime:0.0020s ]
INFO: [ view_parse ] --START--
INFO: [ template_filter ] --START--
INFO: Run Behavior\ContentReplaceBehavior [ RunTime:0.000000s ]
INFO: [ template_filter ] --END-- [ RunTime:0.000000s ]
NOTIC: [8] Undefined variable: page D:\phpStudy\phpStudy\WWW\dhd_system\dhd_system\Application\Runtime\Cache\Home\663190bc2a0d3c5d6c49d27064270e50.php ç¬¬ 89 è¡Œ.
INFO: Run Behavior\ParseTemplateBehavior [ RunTime:0.011000s ]
INFO: [ view_parse ] --END-- [ RunTime:0.011000s ]
INFO: [ view_filter ] --START--
INFO: Run Behavior\WriteHtmlCacheBehavior [ RunTime:0.000000s ]
INFO: [ view_filter ] --END-- [ RunTime:0.000000s ]
INFO: [ app_end ] --START--
INFO: Run Behavior\ShowPageTraceBehavior [ RunTime:0.001000s ]
INFO: [ app_end ] --END-- [ RunTime:0.001000s ]

[ 2018-05-04T09:11:01+08:00 ] ::1 /dhd_system/dhd_system/?s=Home/Expiry/expiry_index
INFO: [ app_init ] --START--
INFO: Run Behavior\BuildLiteBehavior [ RunTime:0.000000s ]
INFO: [ app_init ] --END-- [ RunTime:0.000000s ]
INFO: [ app_begin ] --START--
INFO: Run Behavior\ReadHtmlCacheBehavior [ RunTime:0.000000s ]
INFO: [ app_begin ] --END-- [ RunTime:0.000000s ]
SQL: SHOW COLUMNS FROM `dhd_contract` [ RunTime:0.0070s ]
SQL: SELECT c.id,`contractnumber`,c.contracttype,`ac_time`,`pro_address`,`detailscoll`,`client_name`,`actual_amount`,`username`,`legalperson`,`legaltel`,`credit_code`,`signcompany`,`middle_name`,`middle_man`,`middle_tel` FROM dhd_contract as c INNER JOIN dhd_details as d on c.det_id = d.id INNER JOIN dhd_client as k on c.client_id = k.id INNER JOIN dhd_product as p on d.pro_id = p.id INNER JOIN dhd_middle as m on k.nuddke_id = m.id INNER JOIN dhd_stencil as s on c.stencil_id = s.id INNER JOIN dhd_user as u on u.id = c.user_id  WHERE `account_audit` = 4  [ RunTime:0.0020s ]
INFO: [ view_parse ] --START--
INFO: [ template_filter ] --START--
INFO: Run Behavior\ContentReplaceBehavior [ RunTime:0.000000s ]
INFO: [ template_filter ] --END-- [ RunTime:0.000000s ]
NOTIC: [8] Undefined variable: page D:\phpStudy\phpStudy\WWW\dhd_system\dhd_system\Application\Runtime\Cache\Home\663190bc2a0d3c5d6c49d27064270e50.php ç¬¬ 89 è¡Œ.
INFO: Run Behavior\ParseTemplateBehavior [ RunTime:0.010001s ]
INFO: [ view_parse ] --END-- [ RunTime:0.011001s ]
INFO: [ view_filter ] --START--
INFO: Run Behavior\WriteHtmlCacheBehavior [ RunTime:0.000000s ]
INFO: [ view_filter ] --END-- [ RunTime:0.000000s ]
INFO: [ app_end ] --START--
INFO: Run Behavior\ShowPageTraceBehavior [ RunTime:0.001000s ]
INFO: [ app_end ] --END-- [ RunTime:0.001000s ]

[ 2018-05-04T09:11:03+08:00 ] ::1 /dhd_system/dhd_system/?s=Home/Rece/Rece_index
INFO: [ app_init ] --START--
INFO: Run Behavior\BuildLiteBehavior [ RunTime:0.000000s ]
INFO: [ app_init ] --END-- [ RunTime:0.000000s ]
INFO: [ app_begin ] --START--
INFO: Run Behavior\ReadHtmlCacheBehavior [ RunTime:0.000000s ]
INFO: [ app_begin ] --END-- [ RunTime:0.000000s ]
SQL: SHOW COLUMNS FROM `dhd_contract` [ RunTime:0.0100s ]
SQL: SELECT c.id,`contractnumber`,c.contracttype,`ac_time`,`pro_address`,`detailscoll`,`client_name`,`actual_amount`,`username`,`legalperson`,`legaltel`,`credit_code`,`signcompany`,`middle_name`,`middle_man`,`middle_tel` FROM dhd_contract as c INNER JOIN dhd_details as d on c.det_id = d.id INNER JOIN dhd_client as k on c.client_id = k.id INNER JOIN dhd_product as p on d.pro_id = p.id left join  dhd_middle as m on k.nuddke_id = m.id INNER JOIN dhd_stencil as s on c.stencil_id = s.id INNER JOIN dhd_user as u on u.id = c.user_id  WHERE `account_audit` = 4  [ RunTime:0.0010s ]
INFO: [ view_parse ] --START--
INFO: [ template_filter ] --START--
INFO: Run Behavior\ContentReplaceBehavior [ RunTime:0.000000s ]
INFO: [ template_filter ] --END-- [ RunTime:0.000000s ]
NOTIC: [8] Undefined variable: page D:\phpStudy\phpStudy\WWW\dhd_system\dhd_system\Application\Runtime\Cache\Home\fe40831fe416cabb762f2b09b50580ba.php ç¬¬ 87 è¡Œ.
INFO: Run Behavior\ParseTemplateBehavior [ RunTime:0.019001s ]
INFO: [ view_parse ] --END-- [ RunTime:0.019001s ]
INFO: [ view_filter ] --START--
INFO: Run Behavior\WriteHtmlCacheBehavior [ RunTime:0.001000s ]
INFO: [ view_filter ] --END-- [ RunTime:0.001000s ]
INFO: [ app_end ] --START--
INFO: Run Behavior\ShowPageTraceBehavior [ RunTime:0.001000s ]
INFO: [ app_end ] --END-- [ RunTime:0.001000s ]

[ 2018-05-04T09:11:05+08:00 ] ::1 /dhd_system/dhd_system/?s=Home/Rece/Rece_index
INFO: [ app_init ] --START--
INFO: Run Behavior\BuildLiteBehavior [ RunTime:0.000000s ]
INFO: [ app_init ] --END-- [ RunTime:0.000000s ]
INFO: [ app_begin ] --START--
INFO: Run Behavior\ReadHtmlCacheBehavior [ RunTime:0.001000s ]
INFO: [ app_begin ] --END-- [ RunTime:0.001000s ]
SQL: SHOW COLUMNS FROM `dhd_contract` [ RunTime:0.0130s ]
SQL: SELECT c.id,`contractnumber`,c.contracttype,`ac_time`,`pro_address`,`detailscoll`,`client_name`,`actual_amount`,`username`,`legalperson`,`legaltel`,`credit_code`,`signcompany`,`middle_name`,`middle_man`,`middle_tel` FROM dhd_contract as c INNER JOIN dhd_details as d on c.det_id = d.id INNER JOIN dhd_client as k on c.client_id = k.id INNER JOIN dhd_product as p on d.pro_id = p.id left join  dhd_middle as m on k.nuddke_id = m.id INNER JOIN dhd_stencil as s on c.stencil_id = s.id INNER JOIN dhd_user as u on u.id = c.user_id  WHERE `account_audit` = 4  [ RunTime:0.0030s ]
INFO: [ view_parse ] --START--
INFO: [ template_filter ] --START--
INFO: Run Behavior\ContentReplaceBehavior [ RunTime:0.001000s ]
INFO: [ template_filter ] --END-- [ RunTime:0.001000s ]
NOTIC: [8] Undefined variable: page D:\phpStudy\phpStudy\WWW\dhd_system\dhd_system\Application\Runtime\Cache\Home\fe40831fe416cabb762f2b09b50580ba.php ç¬¬ 87 è¡Œ.
INFO: Run Behavior\ParseTemplateBehavior [ RunTime:0.017001s ]
INFO: [ view_parse ] --END-- [ RunTime:0.017001s ]
INFO: [ view_filter ] --START--
INFO: Run Behavior\WriteHtmlCacheBehavior [ RunTime:0.000000s ]
INFO: [ view_filter ] --END-- [ RunTime:0.000000s ]
INFO: [ app_end ] --START--
INFO: Run Behavior\ShowPageTraceBehavior [ RunTime:0.001000s ]
INFO: [ app_end ] --END-- [ RunTime:0.001000s ]

[ 2018-05-04T09:11:21+08:00 ] ::1 /dhd_system/dhd_system/?s=Home/Rece/Rece_index
INFO: [ app_init ] --START--
INFO: Run Behavior\BuildLiteBehavior [ RunTime:0.000000s ]
INFO: [ app_init ] --END-- [ RunTime:0.000000s ]
INFO: [ app_begin ] --START--
INFO: Run Behavior\ReadHtmlCacheBehavior [ RunTime:0.000000s ]
INFO: [ app_begin ] --END-- [ RunTime:0.000000s ]
SQL: SHOW COLUMNS FROM `dhd_contract` [ RunTime:0.0180s ]
SQL: SELECT c.id,`contractnumber`,c.contracttype,`ac_time`,`pro_address`,`detailscoll`,`client_name`,`actual_amount`,`username`,`legalperson`,`legaltel`,`credit_code`,`signcompany`,`middle_name`,`middle_man`,`middle_tel` FROM dhd_contract as c INNER JOIN dhd_details as d on c.det_id = d.id INNER JOIN dhd_client as k on c.client_id = k.id INNER JOIN dhd_product as p on d.pro_id = p.id left join  dhd_middle as m on k.nuddke_id = m.id INNER JOIN dhd_stencil as s on c.stencil_id = s.id INNER JOIN dhd_user as u on u.id = c.user_id  WHERE `account_audit` = 4  [ RunTime:0.0030s ]
INFO: [ view_parse ] --START--
INFO: [ template_filter ] --START--
INFO: Run Behavior\ContentReplaceBehavior [ RunTime:0.000000s ]
INFO: [ template_filter ] --END-- [ RunTime:0.000000s ]
NOTIC: [8] Undefined variable: page D:\phpStudy\phpStudy\WWW\dhd_system\dhd_system\Application\Runtime\Cache\Home\fe40831fe416cabb762f2b09b50580ba.php ç¬¬ 87 è¡Œ.
INFO: Run Behavior\ParseTemplateBehavior [ RunTime:0.012000s ]
INFO: [ view_parse ] --END-- [ RunTime:0.012000s ]
INFO: [ view_filter ] --START--
INFO: Run Behavior\WriteHtmlCacheBehavior [ RunTime:0.000000s ]
INFO: [ view_filter ] --END-- [ RunTime:0.000000s ]
INFO: [ app_end ] --START--
INFO: Run Behavior\ShowPageTraceBehavior [ RunTime:0.001000s ]
INFO: [ app_end ] --END-- [ RunTime:0.001000s ]

