[ 2018-04-23T14:20:59+08:00 ] 127.0.0.1 /dhd_system/?s=Home/Channel/channel_index
INFO: [ app_init ] --START--
INFO: Run Behavior\BuildLiteBehavior [ RunTime:0.000000s ]
INFO: [ app_init ] --END-- [ RunTime:0.001000s ]
INFO: [ app_begin ] --START--
INFO: Run Behavior\ReadHtmlCacheBehavior [ RunTime:0.001000s ]
INFO: [ app_begin ] --END-- [ RunTime:0.001000s ]
SQL: SHOW COLUMNS FROM `dhd_middle` [ RunTime:0.0050s ]
SQL: SELECT m.id,`middle_name`,`middle_man`,`middle_tel`,`middle_address`,`real_name` FROM dhd_middle as m INNER JOIN dhd_user as u on u.id = m.sales_id  WHERE ( middle_is=0 )  [ RunTime:0.0010s ]
INFO: [ view_parse ] --START--
INFO: [ template_filter ] --START--
INFO: Run Behavior\ContentReplaceBehavior [ RunTime:0.000000s ]
INFO: [ template_filter ] --END-- [ RunTime:0.000000s ]
NOTIC: [8] Undefined index: middle_total D:\phpStudy\WWW\dhd_system\Application\Runtime\Cache\Home\12eb6ea4a90ee0dea3cf3ac073f3baeb.php 第 65 行.
NOTIC: [8] Undefined index: middle_total D:\phpStudy\WWW\dhd_system\Application\Runtime\Cache\Home\12eb6ea4a90ee0dea3cf3ac073f3baeb.php 第 65 行.
NOTIC: [8] Undefined index: middle_total D:\phpStudy\WWW\dhd_system\Application\Runtime\Cache\Home\12eb6ea4a90ee0dea3cf3ac073f3baeb.php 第 65 行.
NOTIC: [8] Undefined index: middle_total D:\phpStudy\WWW\dhd_system\Application\Runtime\Cache\Home\12eb6ea4a90ee0dea3cf3ac073f3baeb.php 第 65 行.
NOTIC: [8] Undefined index: middle_total D:\phpStudy\WWW\dhd_system\Application\Runtime\Cache\Home\12eb6ea4a90ee0dea3cf3ac073f3baeb.php 第 65 行.
NOTIC: [8] Undefined index: middle_total D:\phpStudy\WWW\dhd_system\Application\Runtime\Cache\Home\12eb6ea4a90ee0dea3cf3ac073f3baeb.php 第 65 行.
NOTIC: [8] Undefined index: middle_total D:\phpStudy\WWW\dhd_system\Application\Runtime\Cache\Home\12eb6ea4a90ee0dea3cf3ac073f3baeb.php 第 65 行.
INFO: Run Behavior\ParseTemplateBehavior [ RunTime:0.007000s ]
INFO: [ view_parse ] --END-- [ RunTime:0.007000s ]
INFO: [ view_filter ] --START--
INFO: Run Behavior\WriteHtmlCacheBehavior [ RunTime:0.001000s ]
INFO: [ view_filter ] --END-- [ RunTime:0.001000s ]
INFO: [ app_end ] --START--
INFO: Run Behavior\ShowPageTraceBehavior [ RunTime:0.001000s ]
INFO: [ app_end ] --END-- [ RunTime:0.001000s ]

[ 2018-04-23T14:21:05+08:00 ] 127.0.0.1 /dhd_system/?s=Home/channel/channel_save/id/2
INFO: [ app_init ] --START--
INFO: Run Behavior\BuildLiteBehavior [ RunTime:0.000000s ]
INFO: [ app_init ] --END-- [ RunTime:0.001000s ]
INFO: [ app_begin ] --START--
INFO: Run Behavior\ReadHtmlCacheBehavior [ RunTime:0.001000s ]
INFO: [ app_begin ] --END-- [ RunTime:0.001000s ]
INFO: [ view_parse ] --START--
INFO: [ template_filter ] --START--
INFO: Run Behavior\ContentReplaceBehavior [ RunTime:0.001000s ]
INFO: [ template_filter ] --END-- [ RunTime:0.001000s ]
INFO: Run Behavior\ParseTemplateBehavior [ RunTime:0.017000s ]
INFO: [ view_parse ] --END-- [ RunTime:0.018000s ]
INFO: [ view_filter ] --START--
INFO: Run Behavior\WriteHtmlCacheBehavior [ RunTime:0.000000s ]
INFO: [ view_filter ] --END-- [ RunTime:0.000000s ]
INFO: [ app_end ] --START--
INFO: Run Behavior\ShowPageTraceBehavior [ RunTime:0.001000s ]
INFO: [ app_end ] --END-- [ RunTime:0.001000s ]

[ 2018-04-23T14:21:15+08:00 ] 127.0.0.1 /dhd_system/?s=Home/Client/client_index
INFO: [ app_init ] --START--
INFO: Run Behavior\BuildLiteBehavior [ RunTime:0.000000s ]
INFO: [ app_init ] --END-- [ RunTime:0.001000s ]
INFO: [ app_begin ] --START--
INFO: Run Behavior\ReadHtmlCacheBehavior [ RunTime:0.001000s ]
INFO: [ app_begin ] --END-- [ RunTime:0.001000s ]
SQL: SHOW COLUMNS FROM `dhd_client` [ RunTime:0.0040s ]
SQL: SELECT * FROM `dhd_client`  [ RunTime:0.0020s ]
INFO: [ view_parse ] --START--
INFO: [ template_filter ] --START--
INFO: Run Behavior\ContentReplaceBehavior [ RunTime:0.000000s ]
INFO: [ template_filter ] --END-- [ RunTime:0.000000s ]
NOTIC: [8] Undefined variable: page D:\phpStudy\WWW\dhd_system\Application\Runtime\Cache\Home\4cc3c36e5ee36767c4df7457a38d5216.php 第 89 行.
INFO: Run Behavior\ParseTemplateBehavior [ RunTime:0.012000s ]
INFO: [ view_parse ] --END-- [ RunTime:0.012000s ]
INFO: [ view_filter ] --START--
INFO: Run Behavior\WriteHtmlCacheBehavior [ RunTime:0.000000s ]
INFO: [ view_filter ] --END-- [ RunTime:0.000000s ]
INFO: [ app_end ] --START--
INFO: Run Behavior\ShowPageTraceBehavior [ RunTime:0.000000s ]
INFO: [ app_end ] --END-- [ RunTime:0.000000s ]

